[2025-02-07T17:57:44.265+0000] {manager.py:483} INFO - Processing files using up to 1 processes at a time 
[2025-02-07T17:57:44.266+0000] {manager.py:484} INFO - Process each file at most once every 30 seconds
[2025-02-07T17:57:44.266+0000] {manager.py:485} INFO - Checking for new files in /opt/airflow/dags every 300 seconds
[2025-02-07T17:57:44.267+0000] {manager.py:821} INFO - Searching for files in /opt/airflow/dags
[2025-02-07T17:57:44.334+0000] {manager.py:824} INFO - There are 1 files in /opt/airflow/dags
[2025-02-07T17:57:44.833+0000] {manager.py:997} INFO - 
================================================================================
DAG File Processing Stats

File Path                     PID    Runtime      # DAGs    # Errors  Last Runtime    Last Run               Last # of DB Queries
----------------------------  -----  ---------  --------  ----------  --------------  -------------------  ----------------------
/opt/airflow/dags/etl_dag.py                           1           0  0.41s           2025-02-07T17:57:44                      45
================================================================================
[2025-02-07T17:58:15.821+0000] {manager.py:997} INFO - 
================================================================================
DAG File Processing Stats

File Path                     PID    Runtime      # DAGs    # Errors  Last Runtime    Last Run               Last # of DB Queries
----------------------------  -----  ---------  --------  ----------  --------------  -------------------  ----------------------
/opt/airflow/dags/etl_dag.py                           1           0  0.31s           2025-02-07T17:58:15                      11
================================================================================
[2025-02-07T17:58:46.315+0000] {manager.py:997} INFO - 
================================================================================
DAG File Processing Stats

File Path                     PID    Runtime      # DAGs    # Errors  Last Runtime    Last Run               Last # of DB Queries
----------------------------  -----  ---------  --------  ----------  --------------  -------------------  ----------------------
/opt/airflow/dags/etl_dag.py                           1           0  0.41s           2025-02-07T17:58:46                      34
================================================================================
[2025-02-07T17:59:17.533+0000] {manager.py:997} INFO - 
================================================================================
DAG File Processing Stats

File Path                     PID    Runtime      # DAGs    # Errors  Last Runtime    Last Run               Last # of DB Queries
----------------------------  -----  ---------  --------  ----------  --------------  -------------------  ----------------------
/opt/airflow/dags/etl_dag.py                           1           0  0.21s           2025-02-07T17:59:17                      12
================================================================================
[2025-02-07T17:59:48.038+0000] {manager.py:997} INFO - 
================================================================================
DAG File Processing Stats

File Path                     PID    Runtime      # DAGs    # Errors  Last Runtime    Last Run               Last # of DB Queries
----------------------------  -----  ---------  --------  ----------  --------------  -------------------  ----------------------
/opt/airflow/dags/etl_dag.py                           1           0  0.31s           2025-02-07T17:59:48                      12
================================================================================
[2025-02-07T18:00:18.461+0000] {manager.py:997} INFO - 
================================================================================
DAG File Processing Stats

File Path                     PID    Runtime      # DAGs    # Errors  Last Runtime    Last Run               Last # of DB Queries
----------------------------  -----  ---------  --------  ----------  --------------  -------------------  ----------------------
/opt/airflow/dags/etl_dag.py                           1           0  0.31s           2025-02-07T18:00:18                      12
================================================================================
[2025-02-07T18:00:48.763+0000] {manager.py:997} INFO - 
================================================================================
DAG File Processing Stats

File Path                     PID    Runtime      # DAGs    # Errors  Last Runtime    Last Run               Last # of DB Queries
----------------------------  -----  ---------  --------  ----------  --------------  -------------------  ----------------------
/opt/airflow/dags/etl_dag.py                           1           0  0.23s           2025-02-07T18:00:48                      12
================================================================================
[2025-02-07T18:01:08.009+0000] {manager.py:483} INFO - Processing files using up to 1 processes at a time 
[2025-02-07T18:01:08.010+0000] {manager.py:484} INFO - Process each file at most once every 30 seconds
[2025-02-07T18:01:08.011+0000] {manager.py:485} INFO - Checking for new files in /opt/airflow/dags every 300 seconds
[2025-02-07T18:01:08.012+0000] {manager.py:821} INFO - Searching for files in /opt/airflow/dags
[2025-02-07T18:01:08.076+0000] {manager.py:824} INFO - There are 1 files in /opt/airflow/dags
[2025-02-07T18:01:08.349+0000] {manager.py:997} INFO - 
================================================================================
DAG File Processing Stats

File Path                     PID    Runtime      # DAGs    # Errors  Last Runtime    Last Run               Last # of DB Queries
----------------------------  -----  ---------  --------  ----------  --------------  -------------------  ----------------------
/opt/airflow/dags/etl_dag.py                           1           0  0.20s           2025-02-07T18:01:08                      12
================================================================================
[2025-02-07T18:01:39.621+0000] {manager.py:997} INFO - 
================================================================================
DAG File Processing Stats

File Path                     PID    Runtime      # DAGs    # Errors  Last Runtime    Last Run               Last # of DB Queries
----------------------------  -----  ---------  --------  ----------  --------------  -------------------  ----------------------
/opt/airflow/dags/etl_dag.py                           1           0  0.21s           2025-02-07T18:01:39                      12
================================================================================
[2025-02-07T18:02:10.173+0000] {manager.py:997} INFO - 
================================================================================
DAG File Processing Stats

File Path                     PID    Runtime      # DAGs    # Errors  Last Runtime    Last Run               Last # of DB Queries
----------------------------  -----  ---------  --------  ----------  --------------  -------------------  ----------------------
/opt/airflow/dags/etl_dag.py                           1           0  0.31s           2025-02-07T18:02:10                      12
================================================================================
[2025-02-07T18:02:40.439+0000] {manager.py:997} INFO - 
================================================================================
DAG File Processing Stats

File Path                     PID    Runtime      # DAGs    # Errors  Last Runtime    Last Run               Last # of DB Queries
----------------------------  -----  ---------  --------  ----------  --------------  -------------------  ----------------------
/opt/airflow/dags/etl_dag.py                           1           0  0.21s           2025-02-07T18:02:40                      12
================================================================================
[2025-02-07T18:03:10.848+0000] {manager.py:997} INFO - 
================================================================================
DAG File Processing Stats

File Path                     PID    Runtime      # DAGs    # Errors  Last Runtime    Last Run               Last # of DB Queries
----------------------------  -----  ---------  --------  ----------  --------------  -------------------  ----------------------
/opt/airflow/dags/etl_dag.py                           1           0  0.21s           2025-02-07T18:03:10                      12
================================================================================
[2025-02-07T18:03:41.453+0000] {manager.py:997} INFO - 
================================================================================
DAG File Processing Stats

File Path                     PID    Runtime      # DAGs    # Errors  Last Runtime    Last Run               Last # of DB Queries
----------------------------  -----  ---------  --------  ----------  --------------  -------------------  ----------------------
/opt/airflow/dags/etl_dag.py                           1           0  0.41s           2025-02-07T18:03:41                      12
================================================================================
[2025-02-07T18:04:11.692+0000] {manager.py:997} INFO - 
================================================================================
DAG File Processing Stats

File Path                     PID    Runtime      # DAGs    # Errors  Last Runtime    Last Run               Last # of DB Queries
----------------------------  -----  ---------  --------  ----------  --------------  -------------------  ----------------------
/opt/airflow/dags/etl_dag.py                           1           0  0.21s           2025-02-07T18:04:11                      12
================================================================================
