[2025-02-07T17:57:44.465+0000] {processor.py:186} INFO - Started process (PID=68) to work on /opt/airflow/dags/etl_dag.py
[2025-02-07T17:57:44.467+0000] {processor.py:914} INFO - Processing file /opt/airflow/dags/etl_dag.py for tasks to queue
[2025-02-07T17:57:44.472+0000] {logging_mixin.py:190} INFO - [2025-02-07T17:57:44.471+0000] {dagbag.py:588} INFO - Filling up the DagBag from /opt/airflow/dags/etl_dag.py
[2025-02-07T17:57:44.518+0000] {processor.py:925} INFO - DAG(s) 'simple_etl' retrieved from /opt/airflow/dags/etl_dag.py
[2025-02-07T17:57:44.680+0000] {logging_mixin.py:190} INFO - [2025-02-07T17:57:44.679+0000] {override.py:1911} INFO - Created Permission View: can delete on DAG:simple_etl
[2025-02-07T17:57:44.696+0000] {logging_mixin.py:190} INFO - [2025-02-07T17:57:44.695+0000] {override.py:1911} INFO - Created Permission View: can read on DAG:simple_etl
[2025-02-07T17:57:44.705+0000] {logging_mixin.py:190} INFO - [2025-02-07T17:57:44.705+0000] {override.py:1911} INFO - Created Permission View: can edit on DAG:simple_etl
[2025-02-07T17:57:44.718+0000] {logging_mixin.py:190} INFO - [2025-02-07T17:57:44.718+0000] {override.py:1911} INFO - Created Permission View: can create on DAG Run:simple_etl
[2025-02-07T17:57:44.728+0000] {logging_mixin.py:190} INFO - [2025-02-07T17:57:44.728+0000] {override.py:1911} INFO - Created Permission View: can read on DAG Run:simple_etl
[2025-02-07T17:57:44.737+0000] {logging_mixin.py:190} INFO - [2025-02-07T17:57:44.737+0000] {override.py:1911} INFO - Created Permission View: can delete on DAG Run:simple_etl
[2025-02-07T17:57:44.751+0000] {logging_mixin.py:190} INFO - [2025-02-07T17:57:44.750+0000] {override.py:1911} INFO - Created Permission View: menu access on DAG Run:simple_etl
[2025-02-07T17:57:44.752+0000] {logging_mixin.py:190} INFO - [2025-02-07T17:57:44.752+0000] {dag.py:3239} INFO - Sync 1 DAGs
[2025-02-07T17:57:44.768+0000] {logging_mixin.py:190} INFO - [2025-02-07T17:57:44.768+0000] {dag.py:3262} INFO - Creating ORM DAG for simple_etl
[2025-02-07T17:57:44.782+0000] {logging_mixin.py:190} INFO - [2025-02-07T17:57:44.782+0000] {dag.py:4180} INFO - Setting next_dagrun for simple_etl to 2025-02-06 00:00:00+00:00, run_after=2025-02-07 00:00:00+00:00
[2025-02-07T17:57:44.808+0000] {processor.py:208} INFO - Processing /opt/airflow/dags/etl_dag.py took 0.352 seconds
[2025-02-07T17:58:15.556+0000] {processor.py:186} INFO - Started process (PID=125) to work on /opt/airflow/dags/etl_dag.py
[2025-02-07T17:58:15.559+0000] {processor.py:914} INFO - Processing file /opt/airflow/dags/etl_dag.py for tasks to queue
[2025-02-07T17:58:15.565+0000] {logging_mixin.py:190} INFO - [2025-02-07T17:58:15.564+0000] {dagbag.py:588} INFO - Filling up the DagBag from /opt/airflow/dags/etl_dag.py
[2025-02-07T17:58:15.631+0000] {processor.py:925} INFO - DAG(s) 'simple_etl' retrieved from /opt/airflow/dags/etl_dag.py
[2025-02-07T17:58:15.646+0000] {logging_mixin.py:190} INFO - [2025-02-07T17:58:15.646+0000] {dag.py:3239} INFO - Sync 1 DAGs
[2025-02-07T17:58:15.687+0000] {logging_mixin.py:190} INFO - [2025-02-07T17:58:15.687+0000] {dag.py:4180} INFO - Setting next_dagrun for simple_etl to 2025-02-06 00:00:00+00:00, run_after=2025-02-07 00:00:00+00:00
[2025-02-07T17:58:15.732+0000] {processor.py:208} INFO - Processing /opt/airflow/dags/etl_dag.py took 0.185 seconds
[2025-02-07T17:58:45.973+0000] {processor.py:186} INFO - Started process (PID=126) to work on /opt/airflow/dags/etl_dag.py
[2025-02-07T17:58:45.976+0000] {processor.py:914} INFO - Processing file /opt/airflow/dags/etl_dag.py for tasks to queue
[2025-02-07T17:58:45.981+0000] {logging_mixin.py:190} INFO - [2025-02-07T17:58:45.980+0000] {dagbag.py:588} INFO - Filling up the DagBag from /opt/airflow/dags/etl_dag.py
[2025-02-07T17:58:46.059+0000] {processor.py:925} INFO - DAG(s) 'simple_etl' retrieved from /opt/airflow/dags/etl_dag.py
[2025-02-07T17:58:46.198+0000] {logging_mixin.py:190} INFO - [2025-02-07T17:58:46.197+0000] {dag.py:3239} INFO - Sync 1 DAGs
[2025-02-07T17:58:46.232+0000] {logging_mixin.py:190} INFO - [2025-02-07T17:58:46.232+0000] {dag.py:4180} INFO - Setting next_dagrun for simple_etl to 2025-02-06 00:00:00+00:00, run_after=2025-02-07 00:00:00+00:00
[2025-02-07T17:58:46.281+0000] {processor.py:208} INFO - Processing /opt/airflow/dags/etl_dag.py took 0.321 seconds
[2025-02-07T17:59:17.367+0000] {processor.py:186} INFO - Started process (PID=127) to work on /opt/airflow/dags/etl_dag.py
[2025-02-07T17:59:17.372+0000] {processor.py:914} INFO - Processing file /opt/airflow/dags/etl_dag.py for tasks to queue
[2025-02-07T17:59:17.375+0000] {logging_mixin.py:190} INFO - [2025-02-07T17:59:17.374+0000] {dagbag.py:588} INFO - Filling up the DagBag from /opt/airflow/dags/etl_dag.py
[2025-02-07T17:59:17.400+0000] {processor.py:925} INFO - DAG(s) 'simple_etl' retrieved from /opt/airflow/dags/etl_dag.py
[2025-02-07T17:59:17.427+0000] {logging_mixin.py:190} INFO - [2025-02-07T17:59:17.427+0000] {dag.py:3239} INFO - Sync 1 DAGs
[2025-02-07T17:59:17.468+0000] {logging_mixin.py:190} INFO - [2025-02-07T17:59:17.468+0000] {dag.py:4180} INFO - Setting next_dagrun for simple_etl to 2025-02-06 00:00:00+00:00, run_after=2025-02-07 00:00:00+00:00
[2025-02-07T17:59:17.502+0000] {processor.py:208} INFO - Processing /opt/airflow/dags/etl_dag.py took 0.149 seconds
[2025-02-07T17:59:47.782+0000] {processor.py:186} INFO - Started process (PID=128) to work on /opt/airflow/dags/etl_dag.py
[2025-02-07T17:59:47.784+0000] {processor.py:914} INFO - Processing file /opt/airflow/dags/etl_dag.py for tasks to queue
[2025-02-07T17:59:47.788+0000] {logging_mixin.py:190} INFO - [2025-02-07T17:59:47.787+0000] {dagbag.py:588} INFO - Filling up the DagBag from /opt/airflow/dags/etl_dag.py
[2025-02-07T17:59:47.841+0000] {processor.py:925} INFO - DAG(s) 'simple_etl' retrieved from /opt/airflow/dags/etl_dag.py
[2025-02-07T17:59:47.863+0000] {logging_mixin.py:190} INFO - [2025-02-07T17:59:47.863+0000] {dag.py:3239} INFO - Sync 1 DAGs
[2025-02-07T17:59:47.892+0000] {logging_mixin.py:190} INFO - [2025-02-07T17:59:47.892+0000] {dag.py:4180} INFO - Setting next_dagrun for simple_etl to 2025-02-06 00:00:00+00:00, run_after=2025-02-07 00:00:00+00:00
[2025-02-07T17:59:47.941+0000] {processor.py:208} INFO - Processing /opt/airflow/dags/etl_dag.py took 0.170 seconds
[2025-02-07T18:00:18.218+0000] {processor.py:186} INFO - Started process (PID=129) to work on /opt/airflow/dags/etl_dag.py
[2025-02-07T18:00:18.222+0000] {processor.py:914} INFO - Processing file /opt/airflow/dags/etl_dag.py for tasks to queue
[2025-02-07T18:00:18.240+0000] {logging_mixin.py:190} INFO - [2025-02-07T18:00:18.239+0000] {dagbag.py:588} INFO - Filling up the DagBag from /opt/airflow/dags/etl_dag.py
[2025-02-07T18:00:18.306+0000] {processor.py:925} INFO - DAG(s) 'simple_etl' retrieved from /opt/airflow/dags/etl_dag.py
[2025-02-07T18:00:18.339+0000] {logging_mixin.py:190} INFO - [2025-02-07T18:00:18.338+0000] {dag.py:3239} INFO - Sync 1 DAGs
[2025-02-07T18:00:18.368+0000] {logging_mixin.py:190} INFO - [2025-02-07T18:00:18.368+0000] {dag.py:4180} INFO - Setting next_dagrun for simple_etl to 2025-02-06 00:00:00+00:00, run_after=2025-02-07 00:00:00+00:00
[2025-02-07T18:00:18.411+0000] {processor.py:208} INFO - Processing /opt/airflow/dags/etl_dag.py took 0.212 seconds
[2025-02-07T18:00:48.581+0000] {processor.py:186} INFO - Started process (PID=130) to work on /opt/airflow/dags/etl_dag.py
[2025-02-07T18:00:48.583+0000] {processor.py:914} INFO - Processing file /opt/airflow/dags/etl_dag.py for tasks to queue
[2025-02-07T18:00:48.588+0000] {logging_mixin.py:190} INFO - [2025-02-07T18:00:48.587+0000] {dagbag.py:588} INFO - Filling up the DagBag from /opt/airflow/dags/etl_dag.py
[2025-02-07T18:00:48.633+0000] {processor.py:925} INFO - DAG(s) 'simple_etl' retrieved from /opt/airflow/dags/etl_dag.py
[2025-02-07T18:00:48.658+0000] {logging_mixin.py:190} INFO - [2025-02-07T18:00:48.658+0000] {dag.py:3239} INFO - Sync 1 DAGs
[2025-02-07T18:00:48.684+0000] {logging_mixin.py:190} INFO - [2025-02-07T18:00:48.683+0000] {dag.py:4180} INFO - Setting next_dagrun for simple_etl to 2025-02-06 00:00:00+00:00, run_after=2025-02-07 00:00:00+00:00
[2025-02-07T18:00:48.727+0000] {processor.py:208} INFO - Processing /opt/airflow/dags/etl_dag.py took 0.158 seconds
[2025-02-07T18:01:08.179+0000] {processor.py:186} INFO - Started process (PID=74) to work on /opt/airflow/dags/etl_dag.py
[2025-02-07T18:01:08.181+0000] {processor.py:914} INFO - Processing file /opt/airflow/dags/etl_dag.py for tasks to queue
[2025-02-07T18:01:08.184+0000] {logging_mixin.py:190} INFO - [2025-02-07T18:01:08.183+0000] {dagbag.py:588} INFO - Filling up the DagBag from /opt/airflow/dags/etl_dag.py
[2025-02-07T18:01:08.220+0000] {processor.py:925} INFO - DAG(s) 'simple_etl' retrieved from /opt/airflow/dags/etl_dag.py
[2025-02-07T18:01:08.246+0000] {logging_mixin.py:190} INFO - [2025-02-07T18:01:08.245+0000] {dag.py:3239} INFO - Sync 1 DAGs
[2025-02-07T18:01:08.273+0000] {logging_mixin.py:190} INFO - [2025-02-07T18:01:08.273+0000] {dag.py:4180} INFO - Setting next_dagrun for simple_etl to 2025-02-06 00:00:00+00:00, run_after=2025-02-07 00:00:00+00:00
[2025-02-07T18:01:08.298+0000] {processor.py:208} INFO - Processing /opt/airflow/dags/etl_dag.py took 0.126 seconds
[2025-02-07T18:01:39.456+0000] {processor.py:186} INFO - Started process (PID=111) to work on /opt/airflow/dags/etl_dag.py
[2025-02-07T18:01:39.458+0000] {processor.py:914} INFO - Processing file /opt/airflow/dags/etl_dag.py for tasks to queue
[2025-02-07T18:01:39.463+0000] {logging_mixin.py:190} INFO - [2025-02-07T18:01:39.463+0000] {dagbag.py:588} INFO - Filling up the DagBag from /opt/airflow/dags/etl_dag.py
[2025-02-07T18:01:39.507+0000] {processor.py:925} INFO - DAG(s) 'simple_etl' retrieved from /opt/airflow/dags/etl_dag.py
[2025-02-07T18:01:39.535+0000] {logging_mixin.py:190} INFO - [2025-02-07T18:01:39.534+0000] {dag.py:3239} INFO - Sync 1 DAGs
[2025-02-07T18:01:39.559+0000] {logging_mixin.py:190} INFO - [2025-02-07T18:01:39.559+0000] {dag.py:4180} INFO - Setting next_dagrun for simple_etl to 2025-02-06 00:00:00+00:00, run_after=2025-02-07 00:00:00+00:00
[2025-02-07T18:01:39.596+0000] {processor.py:208} INFO - Processing /opt/airflow/dags/etl_dag.py took 0.150 seconds
[2025-02-07T18:02:09.912+0000] {processor.py:186} INFO - Started process (PID=112) to work on /opt/airflow/dags/etl_dag.py
[2025-02-07T18:02:09.915+0000] {processor.py:914} INFO - Processing file /opt/airflow/dags/etl_dag.py for tasks to queue
[2025-02-07T18:02:09.920+0000] {logging_mixin.py:190} INFO - [2025-02-07T18:02:09.919+0000] {dagbag.py:588} INFO - Filling up the DagBag from /opt/airflow/dags/etl_dag.py
[2025-02-07T18:02:09.989+0000] {processor.py:925} INFO - DAG(s) 'simple_etl' retrieved from /opt/airflow/dags/etl_dag.py
[2025-02-07T18:02:10.040+0000] {logging_mixin.py:190} INFO - [2025-02-07T18:02:10.039+0000] {dag.py:3239} INFO - Sync 1 DAGs
[2025-02-07T18:02:10.065+0000] {logging_mixin.py:190} INFO - [2025-02-07T18:02:10.065+0000] {dag.py:4180} INFO - Setting next_dagrun for simple_etl to 2025-02-06 00:00:00+00:00, run_after=2025-02-07 00:00:00+00:00
[2025-02-07T18:02:10.102+0000] {processor.py:208} INFO - Processing /opt/airflow/dags/etl_dag.py took 0.200 seconds
[2025-02-07T18:02:40.263+0000] {processor.py:186} INFO - Started process (PID=113) to work on /opt/airflow/dags/etl_dag.py
[2025-02-07T18:02:40.265+0000] {processor.py:914} INFO - Processing file /opt/airflow/dags/etl_dag.py for tasks to queue
[2025-02-07T18:02:40.274+0000] {logging_mixin.py:190} INFO - [2025-02-07T18:02:40.273+0000] {dagbag.py:588} INFO - Filling up the DagBag from /opt/airflow/dags/etl_dag.py
[2025-02-07T18:02:40.312+0000] {processor.py:925} INFO - DAG(s) 'simple_etl' retrieved from /opt/airflow/dags/etl_dag.py
[2025-02-07T18:02:40.353+0000] {logging_mixin.py:190} INFO - [2025-02-07T18:02:40.353+0000] {dag.py:3239} INFO - Sync 1 DAGs
[2025-02-07T18:02:40.376+0000] {logging_mixin.py:190} INFO - [2025-02-07T18:02:40.376+0000] {dag.py:4180} INFO - Setting next_dagrun for simple_etl to 2025-02-06 00:00:00+00:00, run_after=2025-02-07 00:00:00+00:00
[2025-02-07T18:02:40.420+0000] {processor.py:208} INFO - Processing /opt/airflow/dags/etl_dag.py took 0.167 seconds
[2025-02-07T18:03:10.692+0000] {processor.py:186} INFO - Started process (PID=114) to work on /opt/airflow/dags/etl_dag.py
[2025-02-07T18:03:10.693+0000] {processor.py:914} INFO - Processing file /opt/airflow/dags/etl_dag.py for tasks to queue
[2025-02-07T18:03:10.698+0000] {logging_mixin.py:190} INFO - [2025-02-07T18:03:10.697+0000] {dagbag.py:588} INFO - Filling up the DagBag from /opt/airflow/dags/etl_dag.py
[2025-02-07T18:03:10.743+0000] {processor.py:925} INFO - DAG(s) 'simple_etl' retrieved from /opt/airflow/dags/etl_dag.py
[2025-02-07T18:03:10.770+0000] {logging_mixin.py:190} INFO - [2025-02-07T18:03:10.770+0000] {dag.py:3239} INFO - Sync 1 DAGs
[2025-02-07T18:03:10.792+0000] {logging_mixin.py:190} INFO - [2025-02-07T18:03:10.792+0000] {dag.py:4180} INFO - Setting next_dagrun for simple_etl to 2025-02-06 00:00:00+00:00, run_after=2025-02-07 00:00:00+00:00
[2025-02-07T18:03:10.820+0000] {processor.py:208} INFO - Processing /opt/airflow/dags/etl_dag.py took 0.140 seconds
[2025-02-07T18:03:41.110+0000] {processor.py:186} INFO - Started process (PID=115) to work on /opt/airflow/dags/etl_dag.py
[2025-02-07T18:03:41.113+0000] {processor.py:914} INFO - Processing file /opt/airflow/dags/etl_dag.py for tasks to queue
[2025-02-07T18:03:41.120+0000] {logging_mixin.py:190} INFO - [2025-02-07T18:03:41.119+0000] {dagbag.py:588} INFO - Filling up the DagBag from /opt/airflow/dags/etl_dag.py
[2025-02-07T18:03:41.214+0000] {processor.py:925} INFO - DAG(s) 'simple_etl' retrieved from /opt/airflow/dags/etl_dag.py
[2025-02-07T18:03:41.265+0000] {logging_mixin.py:190} INFO - [2025-02-07T18:03:41.265+0000] {dag.py:3239} INFO - Sync 1 DAGs
[2025-02-07T18:03:41.312+0000] {logging_mixin.py:190} INFO - [2025-02-07T18:03:41.312+0000] {dag.py:4180} INFO - Setting next_dagrun for simple_etl to 2025-02-06 00:00:00+00:00, run_after=2025-02-07 00:00:00+00:00
[2025-02-07T18:03:41.365+0000] {processor.py:208} INFO - Processing /opt/airflow/dags/etl_dag.py took 0.268 seconds
[2025-02-07T18:04:11.528+0000] {processor.py:186} INFO - Started process (PID=116) to work on /opt/airflow/dags/etl_dag.py
[2025-02-07T18:04:11.530+0000] {processor.py:914} INFO - Processing file /opt/airflow/dags/etl_dag.py for tasks to queue
[2025-02-07T18:04:11.534+0000] {logging_mixin.py:190} INFO - [2025-02-07T18:04:11.534+0000] {dagbag.py:588} INFO - Filling up the DagBag from /opt/airflow/dags/etl_dag.py
[2025-02-07T18:04:11.574+0000] {processor.py:925} INFO - DAG(s) 'simple_etl' retrieved from /opt/airflow/dags/etl_dag.py
[2025-02-07T18:04:11.611+0000] {logging_mixin.py:190} INFO - [2025-02-07T18:04:11.611+0000] {dag.py:3239} INFO - Sync 1 DAGs
[2025-02-07T18:04:11.633+0000] {logging_mixin.py:190} INFO - [2025-02-07T18:04:11.633+0000] {dag.py:4180} INFO - Setting next_dagrun for simple_etl to 2025-02-06 00:00:00+00:00, run_after=2025-02-07 00:00:00+00:00
[2025-02-07T18:04:11.660+0000] {processor.py:208} INFO - Processing /opt/airflow/dags/etl_dag.py took 0.142 seconds
